  ▲ Next.js 14.2.28
  - Local:        http://localhost:3000
  - Environments: .env
  - Experiments (use with caution):
    · outputFileTracingRoot

 ✓ Starting...
 ✓ Ready in 2.1s
 ○ Compiling / ...
 ✓ Compiled / in 2.8s (534 modules)
 GET / 200 in 3147ms
 ✓ Compiled in 413ms (270 modules)
 GET / 200 in 55ms
 ○ Compiling /dashboard ...
 ✓ Compiled /dashboard in 977ms (614 modules)
 GET / 200 in 72ms
 GET / 200 in 27ms
 GET / 200 in 26ms
 GET / 200 in 40ms
 GET / 200 in 28ms
 GET / 200 in 28ms
 GET / 200 in 36ms
 GET / 200 in 26ms
 GET / 200 in 27ms
 GET / 200 in 29ms
 GET / 200 in 24ms
 GET / 200 in 28ms
 GET / 200 in 31ms
 GET / 200 in 28ms
 GET / 200 in 26ms
 GET / 200 in 25ms
 GET / 200 in 27ms
 GET / 200 in 24ms
 GET / 200 in 24ms
[?25h
