  ▲ Next.js 14.2.28
  - Local:        http://localhost:3000
  - Environments: .env
  - Experiments (use with caution):
    · outputFileTracingRoot

 ✓ Starting...
 ✓ Ready in 1451ms
 ✓ Compiled /api/auth/[...nextauth] in 473ms (272 modules)
 GET /api/auth/csrf 200 in 962ms
 POST /api/auth/callback/credentials 302 in 438ms
 ○ Compiling / ...
 ✓ Compiled / in 1797ms (769 modules)
 GET / 200 in 2143ms
 ✓ Compiled in 378ms (270 modules)
 ○ Compiling /dashboard ...
 ✓ Compiled /dashboard in 685ms (936 modules)
 ✓ Compiled in 533ms (868 modules)
 ✓ Compiled in 315ms (317 modules)
 ✓ Compiled in 238ms (317 modules)
 ✓ Compiled in 286ms (317 modules)
 ✓ Compiled in 243ms (317 modules)
 ✓ Compiled in 314ms (317 modules)
 ✓ Compiled in 245ms (317 modules)
 ✓ Compiled in 262ms (317 modules)
 ✓ Compiled in 226ms (317 modules)
 ✓ Compiled in 369ms (317 modules)
 ✓ Compiled in 283ms (317 modules)
 ✓ Compiled in 220ms (317 modules)
 ✓ Compiled in 265ms (317 modules)
 ✓ Compiled in 217ms (317 modules)
 ✓ Compiled in 261ms (317 modules)
 ✓ Compiled in 214ms (317 modules)
 ✓ Compiled in 257ms (317 modules)
[?25h
