  ▲ Next.js 14.2.28
  - Local:        http://localhost:3000
  - Environments: .env
  - Experiments (use with caution):
    · outputFileTracingRoot

 ✓ Starting...
 ✓ Ready in 1597ms
 ○ Compiling / ...
 ✓ Compiled / in 1786ms (527 modules)
 GET / 200 in 2160ms
 ✓ Compiled in 407ms (270 modules)
 GET / 200 in 39ms
 ○ Compiling /dashboard ...
 ✓ Compiled /dashboard in 506ms (614 modules)
 GET / 200 in 73ms
 GET / 200 in 29ms
 GET / 200 in 29ms
 GET / 200 in 33ms
 GET / 200 in 28ms
 GET / 200 in 29ms
 GET / 200 in 26ms
 GET / 200 in 27ms
 GET / 200 in 26ms
 GET / 200 in 25ms
 GET / 200 in 26ms
 GET / 200 in 26ms
 ✓ Compiled in 643ms (317 modules)
 ✓ Compiled in 649ms (317 modules)
 ✓ Compiled in 433ms (317 modules)
 ✓ Compiled in 370ms (317 modules)
 ✓ Compiled in 340ms (317 modules)
 ✓ Compiled in 355ms (317 modules)
 ✓ Compiled in 346ms (317 modules)
 ✓ Compiled in 282ms (317 modules)
 ✓ Compiled in 332ms (317 modules)
 ✓ Compiled in 356ms (317 modules)
 ✓ Compiled in 301ms (317 modules)
 ✓ Compiled in 288ms (317 modules)
 ✓ Compiled in 287ms (317 modules)
 ✓ Compiled in 297ms (317 modules)
 ✓ Compiled in 304ms (317 modules)
[?25h
