  ▲ Next.js 14.2.28
  - Local:        http://localhost:3000
  - Environments: .env
  - Experiments (use with caution):
    · outputFileTracingRoot

 ✓ Starting...
 ✓ Ready in 1545ms
 ○ Compiling / ...
 ✓ Compiled / in 1962ms (679 modules)
 GET / 200 in 2373ms
 ✓ Compiled in 456ms (347 modules)
 GET / 200 in 38ms
 ✓ Compiled /api/auth/[...nextauth] in 470ms (574 modules)
 GET /api/auth/session 200 in 995ms
 GET /api/auth/session 200 in 34ms
 ○ Compiling /dashboard ...
 ✓ Compiled /dashboard in 761ms (1060 modules)
 GET /api/auth/session 200 in 78ms
 GET / 200 in 82ms
 GET / 200 in 29ms
 GET / 200 in 29ms
 GET /api/auth/session 200 in 30ms
 GET /api/auth/session 200 in 22ms
 GET /api/auth/session 200 in 28ms
 ✓ Compiled in 447ms (419 modules)
 ✓ Compiled in 307ms (419 modules)
 ✓ Compiled in 340ms (359 modules)
 ✓ Compiled in 291ms (359 modules)
 ✓ Compiled in 273ms (359 modules)
 ✓ Compiled in 243ms (359 modules)
 ✓ Compiled in 242ms (359 modules)
 ✓ Compiled in 245ms (359 modules)
 ✓ Compiled in 291ms (359 modules)
 ✓ Compiled in 446ms (359 modules)
[?25h
