  ▲ Next.js 14.2.28
  - Local:        http://localhost:3000
  - Environments: .env
  - Experiments (use with caution):
    · outputFileTracingRoot

 ✓ Starting...
 ✓ Ready in 1710ms
 ○ Compiling / ...
 ✓ Compiled / in 1959ms (527 modules)
 GET / 200 in 2328ms
 ✓ Compiled in 383ms (270 modules)
 GET / 200 in 35ms
 ✓ Compiled /dashboard in 480ms (614 modules)
 GET / 200 in 60ms
 GET / 200 in 24ms
 GET / 200 in 26ms
 GET / 200 in 26ms
 GET / 200 in 27ms
 GET / 200 in 28ms
 GET / 200 in 25ms
 GET / 200 in 28ms
 GET / 200 in 28ms
 GET / 200 in 26ms
 GET / 200 in 25ms
 GET / 200 in 27ms
 GET / 200 in 26ms
 GET / 200 in 25ms
 GET / 200 in 26ms
 GET / 200 in 26ms
 GET / 200 in 24ms
 GET / 200 in 25ms
 GET / 200 in 23ms
 GET / 200 in 25ms
 GET / 200 in 36ms
 GET / 200 in 28ms
 GET / 200 in 26ms
 GET / 200 in 28ms
 GET / 200 in 30ms
 GET / 200 in 27ms
 GET / 200 in 26ms
 GET / 200 in 24ms
 GET / 200 in 26ms
 GET / 200 in 25ms
 GET / 200 in 26ms
 GET / 200 in 23ms
 GET / 200 in 26ms
 GET / 200 in 24ms
 GET / 200 in 27ms
[?25h
