  ▲ Next.js 14.2.28
  - Local:        http://localhost:3000
  - Environments: .env
  - Experiments (use with caution):
    · outputFileTracingRoot

 ✓ Starting...
 ✓ Ready in 1480ms
 ✓ Compiled /api/auth/[...nextauth] in 446ms (272 modules)
 GET /api/auth/csrf 200 in 928ms
 POST /api/auth/callback/credentials 302 in 438ms
 ○ Compiling / ...
 ✓ Compiled / in 1902ms (921 modules)
 GET / 200 in 2311ms
 ✓ Compiled in 434ms (347 modules)
 GET / 200 in 43ms
 GET /api/auth/session 200 in 66ms
 GET /api/auth/session 200 in 19ms
 ○ Compiling /auth/signin ...
 ✓ Compiled /auth/signin in 609ms (934 modules)
 GET /auth/signin 200 in 710ms
 ○ Compiling /dashboard/prospects ...
 ✓ Compiled /dashboard/prospects in 785ms (1103 modules)
 GET /dashboard/prospects 200 in 894ms
 ○ Compiling /dashboard/analytics ...
 ✓ Compiled /dashboard/analytics in 596ms (1121 modules)
 GET /dashboard/analytics 200 in 685ms
 ✓ Compiled /api/prospects in 266ms (710 modules)
 GET /api/prospects 401 in 378ms
[?25h
