➤ YN0000: · Yarn 4.9.2
➤ YN0000: ┌ Resolution step
➤ YN0085: │ + apify-client@npm:2.12.6, @apify/consts@npm:2.43.0, @apify/log@npm:2.5.20, @crawlee/types@npm:3.13.10, @sindresorhus/is@npm:4.6.0, and 19 more.
➤ YN0000: └ Completed in 0s 612ms
➤ YN0000: ┌ Post-resolution validation
➤ YN0060: │ @typescript-eslint/parser is listed by your project with version 7.0.0 (p6cb6c), which doesn't satisfy what @typescript-eslint/eslint-plugin requests (^6.0.0-alpha).
➤ YN0060: │ eslint is listed by your project with version 9.24.0 (pe6e00), which doesn't satisfy what @typescript-eslint/eslint-plugin and other dependencies request (^8.57.0).
➤ YN0002: │ app@workspace:. doesn't provide prettier (pd88b5), requested by eslint-plugin-prettier.
➤ YN0086: │ Some peer dependencies are incorrectly met by your project; run yarn explain peer-requirements <hash> for details, where <hash> is the six-letter p-prefixed code.
➤ YN0086: │ Some peer dependencies are incorrectly met by dependencies; run yarn explain peer-requirements for details.
➤ YN0000: └ Completed
➤ YN0000: ┌ Fetch step
➤ YN0000: └ Completed in 3s 73ms
➤ YN0000: ┌ Link step
➤ YN0000: └ Completed in 0s 684ms
➤ YN0000: · Done with warnings in 4s 547ms
Environment variables loaded from .env
Prisma schema loaded from prisma/schema.prisma

✔ Generated Prisma Client (v6.7.0) to ./node_modules/.prisma/client in 172ms

Start by importing your Prisma Client (See: https://pris.ly/d/importing-client)

Tip: Easily identify and fix slow SQL queries in your app. Optimize helps you enhance your visibility: https://pris.ly/--optimize

Starting server...
  ▲ Next.js 14.2.28
  - Local:        http://localhost:3000
  - Environments: .env
  - Experiments (use with caution):
    · outputFileTracingRoot

 ✓ Starting...
 ✓ Ready in 2.1s
 ○ Compiling / ...
 ✓ Compiled / in 2.4s (527 modules)
 ✓ Compiled in 382ms (270 modules)
 GET / 200 in 44ms
 GET / 200 in 35ms
 GET / 200 in 29ms
 GET / 200 in 30ms
 GET / 200 in 29ms
 GET / 200 in 28ms
 ○ Compiling /dashboard ...
 ✓ Compiled /dashboard in 590ms (614 modules)
 GET / 200 in 68ms
 GET / 200 in 30ms
 GET / 200 in 31ms
 GET / 200 in 28ms
 GET / 200 in 29ms
 GET / 200 in 34ms
 GET / 200 in 33ms
 GET / 200 in 24ms
[?25h
