*   Trying 127.0.0.1:3000...
  % Total    % Received % Xferd  Average Speed   Time    Time     Time  Current
                                 Dload  Upload   Total   Spent    Left  Speed
  0     0    0     0    0     0      0      0 --:--:-- --:--:-- --:--:--     0* Connected to localhost (127.0.0.1) port 3000 (#0)
> GET / HTTP/1.1
> Host: localhost:3000
> User-Agent: curl/7.81.0
> Accept: */*
> 
  0     0    0     0    0     0      0      0 --:--:-- --:--:-- --:--:--     0  0     0    0     0    0     0      0      0 --:--:--  0:00:01 --:--:--     0  0     0    0     0    0     0      0      0 --:--:--  0:00:02 --:--:--     0  0     0    0     0    0     0      0      0 --:--:--  0:00:03 --:--:--     0* Mark bundle as not supporting multiuse
< HTTP/1.1 200 OK
< Vary: RSC, Next-Router-State-Tree, Next-Router-Prefetch, Accept-Encoding
< link: </_next/static/media/e4af272ccee01ff0-s.p.woff2>; rel=preload; as="font"; crossorigin=""; type="font/woff2"
< Cache-Control: no-store, must-revalidate
< X-Powered-By: Next.js
< Content-Type: text/html; charset=utf-8
< Date: Sun, 20 Jul 2025 11:06:53 GMT
< Connection: keep-alive
< Keep-Alive: timeout=5
< Transfer-Encoding: chunked
< 
{ [1084 bytes data]
100  5947    0  5947    0     0   1705      0 --:--:--  0:00:03 --:--:--  1704
* Connection #0 to host localhost left intact
