  ▲ Next.js 14.2.28
  - Local:        http://localhost:3000
  - Environments: .env
  - Experiments (use with caution):
    · outputFileTracingRoot

 ✓ Starting...
 ✓ Ready in 1408ms
 ✓ Compiled /api/auth/[...nextauth] in 476ms (272 modules)
 GET /api/auth/csrf 200 in 953ms
 POST /api/auth/callback/credentials 302 in 438ms
 ○ Compiling / ...
 ✓ Compiled / in 1766ms (921 modules)
 GET / 200 in 2160ms
 ✓ Compiled in 423ms (347 modules)
 GET /api/auth/session 200 in 72ms
 GET /api/auth/session 200 in 26ms
 ○ Compiling /dashboard ...
 ✓ Compiled /dashboard in 621ms (1060 modules)
 ○ Compiling /dashboard/outreach ...
 ✓ Compiled /dashboard/outreach in 2s (1225 modules)
 GET /dashboard/outreach/new 404 in 2318ms
 GET /dashboard/prospects/new 404 in 2250ms
 GET /dashboard/activity 404 in 2254ms
 GET /dashboard/submissions 200 in 2358ms
 GET /dashboard/qualification 200 in 2330ms
 GET /dashboard/settings 200 in 2357ms
 GET /dashboard/team 200 in 2309ms
 GET /dashboard/research 200 in 2305ms
 GET /dashboard/prospects 200 in 2331ms
 GET /dashboard/outreach 200 in 2277ms
 GET /dashboard/documents 200 in 2290ms
 GET /dashboard/analytics 200 in 2366ms
 GET /api/auth/session 200 in 206ms
 GET /api/auth/session 200 in 87ms
 GET /api/auth/session 200 in 48ms
 GET /api/auth/session 200 in 38ms
 GET /api/auth/session 200 in 20ms
 GET /api/auth/session 200 in 20ms
 GET /api/auth/session 200 in 95ms
 GET /api/auth/session 200 in 23ms
 ○ Compiling /api/submissions ...
 ✓ Compiled /api/submissions in 561ms (768 modules)
 GET /api/auth/session 200 in 931ms
 GET /api/submissions 200 in 972ms
 GET /api/auth/session 200 in 40ms
 GET /api/submissions 200 in 42ms
 ✓ Compiled /api/prospects in 270ms (770 modules)
 GET /api/prospects 200 in 627ms
 GET /api/auth/session 200 in 584ms
 GET /api/auth/session 200 in 25ms
 GET /api/prospects 200 in 29ms
 GET /api/auth/session 200 in 17ms
 GET /api/auth/session 200 in 45ms
 GET /api/auth/session 200 in 21ms
 GET /api/auth/session 200 in 19ms
 ○ Compiling /api/settings/apify-key ...
 ✓ Compiled /api/settings/apify-key in 592ms (939 modules)
 GET /api/auth/session 200 in 1054ms
 GET /api/auth/session 200 in 18ms
 GET /api/settings/apify-key 200 in 1170ms
 GET /api/auth/session 200 in 19ms
 GET /api/settings/apify-key 200 in 26ms
 GET /api/auth/session 200 in 24ms
 GET /api/auth/session 200 in 23ms
 GET /api/auth/session 200 in 29ms
 GET /api/auth/session 200 in 20ms
 GET /api/auth/session 200 in 23ms
 GET /api/auth/session 200 in 17ms
 ✓ Compiled /api/team in 346ms (941 modules)
 GET /api/auth/session 200 in 722ms
 GET /api/team 200 in 753ms
 GET /api/auth/session 200 in 22ms
 GET /api/team 200 in 29ms
 GET /api/auth/session 200 in 18ms
 GET /api/auth/session 200 in 17ms
 GET /api/prospects 200 in 24ms
 GET /api/auth/session 200 in 22ms
 GET /api/prospects 200 in 22ms
 GET /api/auth/session 200 in 22ms
 ✓ Compiled /api/analytics in 341ms (943 modules)
 GET /api/auth/session 200 in 686ms
 GET /api/analytics?timeRange=last_30_days 200 in 758ms
 GET /api/auth/session 200 in 22ms
 ✓ Compiled /api/documents in 350ms (945 modules)
 GET /api/analytics?timeRange=last_30_days 200 in 775ms
 GET /api/documents 200 in 777ms
 GET /api/auth/session 200 in 746ms
 GET /api/documents 200 in 34ms
 GET /api/auth/session 200 in 49ms
 ✓ Compiled /api/outreach in 362ms (947 modules)
 GET /api/auth/session 200 in 712ms
 GET /api/outreach 200 in 774ms
 GET /api/auth/session 200 in 23ms
 GET /api/outreach 200 in 26ms
 GET /api/auth/session 200 in 17ms
 GET /api/auth/session 200 in 19ms
 GET /api/auth/session 200 in 21ms
 GET /api/auth/session 200 in 18ms
 GET /api/auth/session 200 in 18ms
 GET /api/auth/session 200 in 29ms
 GET /api/auth/session 200 in 18ms
 GET /api/auth/session 200 in 18ms
 GET /api/auth/session 200 in 18ms
 GET /api/auth/session 200 in 18ms
 GET /api/auth/session 200 in 18ms
 GET /api/auth/session 200 in 20ms
 GET /api/auth/session 200 in 30ms
 GET /api/auth/session 200 in 18ms
 GET /api/auth/session 200 in 19ms
 GET /api/auth/session 200 in 17ms
 GET /api/auth/session 200 in 18ms
 GET /api/auth/session 200 in 354ms
 GET /api/auth/session 200 in 40ms
 GET /api/auth/session 200 in 20ms
 GET /api/auth/session 200 in 17ms
 GET /api/auth/session 200 in 18ms
 GET /api/auth/session 200 in 18ms
 GET /api/auth/session 200 in 16ms
 GET /api/auth/session 200 in 31ms
 GET /api/auth/session 200 in 19ms
 GET /api/auth/session 200 in 18ms
 GET /api/auth/session 200 in 18ms
 GET /api/auth/session 200 in 18ms
 GET /api/auth/session 200 in 17ms
 GET /api/auth/session 200 in 16ms
 GET /api/auth/session 200 in 36ms
 GET /api/auth/session 200 in 19ms
 GET /api/auth/session 200 in 19ms
 GET /api/auth/session 200 in 18ms
 GET /api/auth/session 200 in 18ms
 GET /api/auth/session 200 in 18ms
 GET /api/auth/session 200 in 19ms
 GET /api/auth/session 200 in 31ms
 GET /api/auth/session 200 in 20ms
 GET /api/auth/session 200 in 20ms
 GET /api/auth/session 200 in 20ms
 GET /api/auth/session 200 in 20ms
 GET /api/auth/session 200 in 20ms
 GET /api/auth/session 200 in 21ms
 GET /api/auth/session 200 in 33ms
 GET /api/auth/session 200 in 20ms
 GET /api/auth/session 200 in 19ms
 GET /api/auth/session 200 in 19ms
 GET /api/auth/session 200 in 19ms
 GET /api/auth/session 200 in 20ms
 GET /api/auth/session 200 in 19ms
 GET /api/auth/session 200 in 32ms
 GET /api/auth/session 200 in 20ms
 GET /api/auth/session 200 in 18ms
 GET /api/auth/session 200 in 18ms
 GET /api/auth/session 200 in 18ms
 GET /api/auth/session 200 in 18ms
 ✓ Compiled in 1011ms (1442 modules)
 ✓ Compiled in 654ms (1442 modules)
[?25h
