scripts/seed.ts(2,75): error TS2724: '"@prisma/client"' has no exported member named 'OperationStatus'. Did you mean 'BulkOperationStatus'?
scripts/seed.ts(308,9): error TS2322: Type '{ industryType: "MEDICAL_OFFICE"; industryCategory: "HEALTHCARE"; displayName: string; minMonthlyRevenue: number; maxMonthlyRevenue: number; minYearsInBusiness: number; searchTerms: string[]; ... 5 more ...; conversionRate: number; } | ... 9 more ... | { ...; }' is not assignable to type '(Without<IndustryConfigCreateInput, IndustryConfigUncheckedCreateInput> & IndustryConfigUncheckedCreateInput) | (Without<...> & IndustryConfigCreateInput)'.
  Type '{ industryType: "FAST_FOOD"; industryCategory: string; displayName: string; minMonthlyRevenue: number; maxMonthlyRevenue: number; minYearsInBusiness: number; searchTerms: string[]; qualifyingQuestions: { ...; }; ... 4 more ...; conversionRate: number; }' is not assignable to type '(Without<IndustryConfigCreateInput, IndustryConfigUncheckedCreateInput> & IndustryConfigUncheckedCreateInput) | (Without<...> & IndustryConfigCreateInput)'.
    Type '{ industryType: "FAST_FOOD"; industryCategory: string; displayName: string; minMonthlyRevenue: number; maxMonthlyRevenue: number; minYearsInBusiness: number; searchTerms: string[]; qualifyingQuestions: { ...; }; ... 4 more ...; conversionRate: number; }' is not assignable to type 'Without<IndustryConfigUncheckedCreateInput, IndustryConfigCreateInput> & IndustryConfigCreateInput'.
      Type '{ industryType: "FAST_FOOD"; industryCategory: string; displayName: string; minMonthlyRevenue: number; maxMonthlyRevenue: number; minYearsInBusiness: number; searchTerms: string[]; qualifyingQuestions: { ...; }; ... 4 more ...; conversionRate: number; }' is not assignable to type 'IndustryConfigCreateInput'.
        Types of property 'industryCategory' are incompatible.
          Type 'string' is not assignable to type 'IndustryCategory'.
scripts/seed.ts(329,25): error TS1355: A 'const' assertions can only be applied to references to enum members, or string, number, boolean, array, or object literals.
scripts/seed.ts(352,25): error TS1355: A 'const' assertions can only be applied to references to enum members, or string, number, boolean, array, or object literals.
scripts/seed.ts(423,25): error TS1355: A 'const' assertions can only be applied to references to enum members, or string, number, boolean, array, or object literals.
scripts/seed.ts(446,25): error TS1355: A 'const' assertions can only be applied to references to enum members, or string, number, boolean, array, or object literals.
scripts/seed.ts(494,25): error TS1355: A 'const' assertions can only be applied to references to enum members, or string, number, boolean, array, or object literals.
scripts/seed.ts(518,25): error TS1355: A 'const' assertions can only be applied to references to enum members, or string, number, boolean, array, or object literals.
scripts/seed.ts(542,25): error TS1355: A 'const' assertions can only be applied to references to enum members, or string, number, boolean, array, or object literals.
scripts/seed.ts(566,25): error TS1355: A 'const' assertions can only be applied to references to enum members, or string, number, boolean, array, or object literals.
scripts/seed.ts(870,7): error TS2322: Type '{ userId: string; operationType: "BULK_SEARCH"; targetIndustries: ("FAST_FOOD" | "CASUAL_DINING" | "COFFEE_SHOP")[]; targetLocations: string[]; status: string; totalTargets: number; completedTargets: number; ... 5 more ...; completedAt: Date; } | { ...; }' is not assignable to type '(Without<BulkOperationCreateInput, BulkOperationUncheckedCreateInput> & BulkOperationUncheckedCreateInput) | (Without<...> & BulkOperationCreateInput)'.
  Type '{ userId: string; operationType: "BULK_SEARCH"; targetIndustries: ("FAST_FOOD" | "CASUAL_DINING" | "COFFEE_SHOP")[]; targetLocations: string[]; status: string; totalTargets: number; completedTargets: number; ... 5 more ...; completedAt: Date; }' is not assignable to type '(Without<BulkOperationCreateInput, BulkOperationUncheckedCreateInput> & BulkOperationUncheckedCreateInput) | (Without<...> & BulkOperationCreateInput)'.
    Type '{ userId: string; operationType: "BULK_SEARCH"; targetIndustries: ("FAST_FOOD" | "CASUAL_DINING" | "COFFEE_SHOP")[]; targetLocations: string[]; status: string; totalTargets: number; completedTargets: number; ... 5 more ...; completedAt: Date; }' is not assignable to type 'Without<BulkOperationCreateInput, BulkOperationUncheckedCreateInput> & BulkOperationUncheckedCreateInput'.
      Type '{ userId: string; operationType: "BULK_SEARCH"; targetIndustries: ("FAST_FOOD" | "CASUAL_DINING" | "COFFEE_SHOP")[]; targetLocations: string[]; status: string; totalTargets: number; completedTargets: number; ... 5 more ...; completedAt: Date; }' is not assignable to type 'BulkOperationUncheckedCreateInput'.
        Types of property 'status' are incompatible.
          Type 'string' is not assignable to type 'BulkOperationStatus | undefined'.
exit_code=2
