  ▲ Next.js 14.2.28
  - Local:        http://localhost:3000
  - Environments: .env
  - Experiments (use with caution):
    · outputFileTracingRoot

 ✓ Starting...
 ✓ Ready in 1908ms
 ○ Compiling /api/auth/[...nextauth] ...
 ✓ Compiled /api/auth/[...nextauth] in 1035ms (272 modules)
 GET /api/auth/csrf 200 in 1567ms
 POST /api/auth/callback/credentials 302 in 467ms
 ○ Compiling / ...
 ✓ Compiled / in 3.8s (928 modules)
 GET / 200 in 4249ms
 ✓ Compiled in 472ms (347 modules)
 GET / 200 in 83ms
 GET /api/auth/session 200 in 72ms
 GET /api/auth/session 200 in 19ms
 ○ Compiling /auth/signin ...
 ✓ Compiled /auth/signin in 653ms (934 modules)
 GET /auth/signin 200 in 762ms
[?25h
