  ▲ Next.js 14.2.28
  - Local:        http://localhost:3000
  - Environments: .env
  - Experiments (use with caution):
    · outputFileTracingRoot

 ✓ Starting...
 ✓ Ready in 1409ms
 ○ Compiling /api/auth/[...nextauth] ...
 ✓ Compiled /api/auth/[...nextauth] in 935ms (272 modules)
 GET /api/auth/csrf 200 in 1416ms
 POST /api/auth/callback/credentials 302 in 441ms
 ○ Compiling / ...
 ✓ Compiled / in 1612ms (769 modules)
 GET / 200 in 1942ms
 ✓ Compiled in 375ms (270 modules)
 GET / 200 in 43ms
 ○ Compiling /dashboard ...
 ✓ Compiled /dashboard in 710ms (856 modules)
 HEAD / 200 in 61ms
 ○ Compiling /api/prospects/search ...
 ✓ Compiled /api/prospects/search in 1001ms (746 modules)
 POST /api/prospects/search 405 in 1194ms
 POST /api/prospects/search 405 in 19ms
API: Starting multi-industry business search with criteria: {
  location: 'Cleveland OH',
  industryTypes: [ 'AUTO_REPAIR' ],
  industryCategory: 'AUTOMOTIVE_SERVICES',
  radius: 25
}
API: Using user email: john@doe.com
Starting STRICT Apify search with criteria: {
  location: 'Cleveland OH',
  industryTypes: [ 'AUTO_REPAIR' ],
  industryCategory: 'AUTOMOTIVE_SERVICES',
  radius: 25
}
Target industry category: AUTOMOTIVE_SERVICES
PRECISE Search query: (auto repair OR car repair OR automotive service OR mechanic OR tire shop) near Cleveland OH
Running Apify actor with input: {
  searchStringsArray: [
    '(auto repair OR car repair OR automotive service OR mechanic OR tire shop) near Cleveland OH'
  ],
  maxCrawledPlacesPerSearch: 30,
  language: 'en',
  country: 'us',
  includeHistogram: false,
  includeOpeningHours: false,
  includeImages: false,
  exportPlaceUrls: false,
  additionalInfo: false,
  maxReviews: 0,
  maxImages: 0,
  deeperCityScrape: false
}
MOCK DATA: Filtered to 3 businesses for category AUTOMOTIVE_SERVICES
MOCK DATA: Further filtered to 1 businesses for specific types
API: Found 1 businesses using mock data
 GET /api/prospects/search?location=Cleveland%20OH&industryCategory=AUTOMOTIVE_SERVICES&industryTypes=AUTO_REPAIR&radius=25 200 in 479ms
API: Starting multi-industry business search with criteria: {
  location: 'Cleveland OH',
  industryTypes: [ 'CASUAL_DINING' ],
  industryCategory: 'RESTAURANT_FOOD_SERVICE',
  radius: 25
}
API: Using user email: john@doe.com
Starting STRICT Apify search with criteria: {
  location: 'Cleveland OH',
  industryTypes: [ 'CASUAL_DINING' ],
  industryCategory: 'RESTAURANT_FOOD_SERVICE',
  radius: 25
}
Target industry category: RESTAURANT_FOOD_SERVICE
PRECISE Search query: (restaurant OR dining OR food service OR cafe OR bakery) near Cleveland OH
Running Apify actor with input: {
  searchStringsArray: [
    '(restaurant OR dining OR food service OR cafe OR bakery) near Cleveland OH'
  ],
  maxCrawledPlacesPerSearch: 30,
  language: 'en',
  country: 'us',
  includeHistogram: false,
  includeOpeningHours: false,
  includeImages: false,
  exportPlaceUrls: false,
  additionalInfo: false,
  maxReviews: 0,
  maxImages: 0,
  deeperCityScrape: false
}
MOCK DATA: Filtered to 3 businesses for category RESTAURANT_FOOD_SERVICE
MOCK DATA: Further filtered to 1 businesses for specific types
API: Found 1 businesses using mock data
 GET /api/prospects/search?location=Cleveland%20OH&industryCategory=RESTAURANT_FOOD_SERVICE&industryTypes=CASUAL_DINING&radius=25 200 in 289ms
[?25h
