➤ YN0000: · Yarn 4.9.2
➤ YN0000: ┌ Resolution step
➤ YN0000: └ Completed
➤ YN0000: ┌ Post-resolution validation
➤ YN0060: │ @typescript-eslint/parser is listed by your project with version 7.0.0 (p6cb6c), which doesn't satisfy what @typescript-eslint/eslint-plugin requests (^6.0.0-alpha).
➤ YN0060: │ eslint is listed by your project with version 9.24.0 (pe6e00), which doesn't satisfy what @typescript-eslint/eslint-plugin and other dependencies request (^8.57.0).
➤ YN0002: │ app@workspace:. doesn't provide prettier (pd88b5), requested by eslint-plugin-prettier.
➤ YN0086: │ Some peer dependencies are incorrectly met by your project; run yarn explain peer-requirements <hash> for details, where <hash> is the six-letter p-prefixed code.
➤ YN0086: │ Some peer dependencies are incorrectly met by dependencies; run yarn explain peer-requirements for details.
➤ YN0000: └ Completed
➤ YN0000: ┌ Fetch step
➤ YN0000: └ Completed in 3s 257ms
➤ YN0000: ┌ Link step
➤ YN0000: └ Completed in 0s 651ms
➤ YN0000: · Done with warnings in 4s 134ms
Environment variables loaded from .env
Prisma schema loaded from prisma/schema.prisma

✔ Generated Prisma Client (v6.7.0) to ./node_modules/.prisma/client in 142ms

Start by importing your Prisma Client (See: https://pris.ly/d/importing-client)

Tip: Easily identify and fix slow SQL queries in your app. Optimize helps you enhance your visibility: https://pris.ly/--optimize

Starting server...
  ▲ Next.js 14.2.28
  - Local:        http://localhost:3000
  - Environments: .env
  - Experiments (use with caution):
    · outputFileTracingRoot

 ✓ Starting...
 ✓ Ready in 1743ms
 ○ Compiling / ...
 ✓ Compiled / in 2.1s (679 modules)
 ✓ Compiled in 443ms (347 modules)
 GET / 200 in 45ms
 GET / 200 in 28ms
 GET / 200 in 31ms
 ✓ Compiled /api/auth/[...nextauth] in 452ms (574 modules)
 GET /api/auth/session 200 in 946ms
 GET /api/auth/session 200 in 26ms
 GET / 200 in 74ms
 ○ Compiling /auth/signin ...
 ✓ Compiled /auth/signin in 553ms (934 modules)
 GET / 200 in 49ms
 GET /api/auth/providers 200 in 60ms
 GET /api/auth/csrf 200 in 20ms
 POST /api/auth/callback/credentials 200 in 495ms
 GET /api/auth/session 200 in 28ms
 ○ Compiling /dashboard ...
 ✓ Compiled /dashboard in 1310ms (1085 modules)
 GET / 200 in 664ms
 ○ Compiling /dashboard/research ...
 ✓ Compiled /dashboard/research in 874ms (1135 modules)
 GET / 200 in 77ms
 ✓ Compiled /api/prospects/search in 452ms (706 modules)
 GET /api/prospects/search?location=30135&businessType=all&radius=25 200 in 1574ms
 ✓ Compiled /_not-found in 436ms (1153 modules)
 GET /dashboard/prospects 404 in 48ms
 GET /api/auth/session 200 in 46ms
 GET /api/auth/session 200 in 19ms
 GET / 200 in 39ms
 GET /api/auth/session 200 in 28ms
 GET /api/auth/session 200 in 34ms
 GET / 200 in 33ms
 GET / 200 in 30ms
 GET /api/auth/session 200 in 26ms
 GET /api/auth/session 200 in 20ms
 GET /dashboard/prospects 404 in 18ms
 GET /api/auth/session 200 in 33ms
 GET /api/auth/session 200 in 20ms
 GET / 200 in 57ms
 GET /api/auth/session 200 in 29ms
 GET /api/auth/session 200 in 26ms
 GET /dashboard/outreach 404 in 19ms
 GET /api/auth/session 200 in 37ms
 GET /api/auth/session 200 in 19ms
 GET / 200 in 27ms
 GET /api/auth/session 200 in 30ms
 GET /api/auth/session 200 in 21ms
 GET / 200 in 31ms
 GET /dashboard/documents 404 in 16ms
 GET /api/auth/session 200 in 32ms
 GET /api/auth/session 200 in 18ms
 GET / 200 in 26ms
 GET /api/auth/session 200 in 33ms
 GET /api/auth/session 200 in 23ms
 GET / 200 in 29ms
 GET / 200 in 26ms
 GET /api/auth/session 200 in 31ms
 GET /api/auth/session 200 in 18ms
 GET / 200 in 90ms
 GET /api/auth/session 200 in 38ms
 GET /api/auth/session 200 in 19ms
 ✓ Compiled /auth/signin in 251ms (588 modules)
 GET /auth/signin 200 in 387ms
 POST /api/auth/callback/credentials 302 in 55ms
 ✓ Compiled /dashboard in 304ms (665 modules)
 GET /dashboard 200 in 389ms
 ✓ Compiled /api/prospects/search in 188ms (691 modules)
 GET /api/prospects/search?location=30135&businessType=all&radius=25 401 in 281ms
 ✓ Compiled /dashboard/research in 194ms (717 modules)
 GET /dashboard/research 200 in 303ms
 ✓ Compiled in 1141ms (788 modules)
 ✓ Compiled in 944ms (788 modules)
 ✓ Compiled in 290ms (456 modules)
 GET / 200 in 66ms
 GET / 200 in 34ms
 ✓ Compiled in 359ms (456 modules)
 ✓ Compiled in 872ms (788 modules)
 ✓ Compiled in 241ms (456 modules)
 ✓ Compiled in 257ms (456 modules)
 ✓ Compiled in 259ms (456 modules)
[?25h
