scripts/seed.ts(59,21): error TS2693: 'IndustryType' only refers to a type, but is being used as a value here.
scripts/seed.ts(60,25): error TS2693: 'IndustryCategory' only refers to a type, but is being used as a value here.
scripts/seed.ts(81,21): error TS2693: 'IndustryType' only refers to a type, but is being used as a value here.
scripts/seed.ts(82,25): error TS2693: 'IndustryCategory' only refers to a type, but is being used as a value here.
scripts/seed.ts(104,21): error TS2693: 'IndustryType' only refers to a type, but is being used as a value here.
scripts/seed.ts(105,25): error TS2693: 'IndustryCategory' only refers to a type, but is being used as a value here.
scripts/seed.ts(126,21): error TS2693: 'IndustryType' only refers to a type, but is being used as a value here.
scripts/seed.ts(127,25): error TS2693: 'IndustryCategory' only refers to a type, but is being used as a value here.
scripts/seed.ts(149,21): error TS2693: 'IndustryType' only refers to a type, but is being used as a value here.
scripts/seed.ts(150,25): error TS2693: 'IndustryCategory' only refers to a type, but is being used as a value here.
scripts/seed.ts(171,21): error TS2693: 'IndustryType' only refers to a type, but is being used as a value here.
scripts/seed.ts(172,25): error TS2693: 'IndustryCategory' only refers to a type, but is being used as a value here.
scripts/seed.ts(194,21): error TS2693: 'IndustryType' only refers to a type, but is being used as a value here.
scripts/seed.ts(195,25): error TS2693: 'IndustryCategory' only refers to a type, but is being used as a value here.
scripts/seed.ts(217,21): error TS2693: 'IndustryType' only refers to a type, but is being used as a value here.
scripts/seed.ts(218,25): error TS2693: 'IndustryCategory' only refers to a type, but is being used as a value here.
scripts/seed.ts(240,21): error TS2693: 'IndustryType' only refers to a type, but is being used as a value here.
scripts/seed.ts(241,25): error TS2693: 'IndustryCategory' only refers to a type, but is being used as a value here.
scripts/seed.ts(263,21): error TS2693: 'IndustryType' only refers to a type, but is being used as a value here.
scripts/seed.ts(264,25): error TS2693: 'IndustryCategory' only refers to a type, but is being used as a value here.
scripts/seed.ts(286,21): error TS2693: 'IndustryType' only refers to a type, but is being used as a value here.
scripts/seed.ts(287,25): error TS2693: 'IndustryCategory' only refers to a type, but is being used as a value here.
scripts/seed.ts(335,21): error TS2693: 'IndustryType' only refers to a type, but is being used as a value here.
scripts/seed.ts(336,25): error TS2693: 'IndustryCategory' only refers to a type, but is being used as a value here.
scripts/seed.ts(341,15): error TS2693: 'ProspectStatus' only refers to a type, but is being used as a value here.
scripts/seed.ts(358,21): error TS2693: 'IndustryType' only refers to a type, but is being used as a value here.
scripts/seed.ts(359,25): error TS2693: 'IndustryCategory' only refers to a type, but is being used as a value here.
scripts/seed.ts(364,15): error TS2693: 'ProspectStatus' only refers to a type, but is being used as a value here.
scripts/seed.ts(382,21): error TS2693: 'IndustryType' only refers to a type, but is being used as a value here.
scripts/seed.ts(383,25): error TS2693: 'IndustryCategory' only refers to a type, but is being used as a value here.
scripts/seed.ts(388,15): error TS2693: 'ProspectStatus' only refers to a type, but is being used as a value here.
scripts/seed.ts(405,21): error TS2693: 'IndustryType' only refers to a type, but is being used as a value here.
scripts/seed.ts(406,25): error TS2693: 'IndustryCategory' only refers to a type, but is being used as a value here.
scripts/seed.ts(411,15): error TS2693: 'ProspectStatus' only refers to a type, but is being used as a value here.
scripts/seed.ts(429,21): error TS2693: 'IndustryType' only refers to a type, but is being used as a value here.
scripts/seed.ts(430,25): error TS2693: 'IndustryCategory' only refers to a type, but is being used as a value here.
scripts/seed.ts(435,15): error TS2693: 'ProspectStatus' only refers to a type, but is being used as a value here.
scripts/seed.ts(452,21): error TS2693: 'IndustryType' only refers to a type, but is being used as a value here.
scripts/seed.ts(453,25): error TS2693: 'IndustryCategory' only refers to a type, but is being used as a value here.
scripts/seed.ts(458,15): error TS2693: 'ProspectStatus' only refers to a type, but is being used as a value here.
scripts/seed.ts(476,21): error TS2693: 'IndustryType' only refers to a type, but is being used as a value here.
scripts/seed.ts(477,25): error TS2693: 'IndustryCategory' only refers to a type, but is being used as a value here.
scripts/seed.ts(482,15): error TS2693: 'ProspectStatus' only refers to a type, but is being used as a value here.
scripts/seed.ts(500,21): error TS2693: 'IndustryType' only refers to a type, but is being used as a value here.
scripts/seed.ts(501,25): error TS2693: 'IndustryCategory' only refers to a type, but is being used as a value here.
scripts/seed.ts(506,15): error TS2693: 'ProspectStatus' only refers to a type, but is being used as a value here.
scripts/seed.ts(524,21): error TS2693: 'IndustryType' only refers to a type, but is being used as a value here.
scripts/seed.ts(525,25): error TS2693: 'IndustryCategory' only refers to a type, but is being used as a value here.
scripts/seed.ts(530,15): error TS2693: 'ProspectStatus' only refers to a type, but is being used as a value here.
scripts/seed.ts(548,21): error TS2693: 'IndustryType' only refers to a type, but is being used as a value here.
scripts/seed.ts(549,25): error TS2693: 'IndustryCategory' only refers to a type, but is being used as a value here.
scripts/seed.ts(554,15): error TS2693: 'ProspectStatus' only refers to a type, but is being used as a value here.
scripts/seed.ts(572,21): error TS2693: 'IndustryType' only refers to a type, but is being used as a value here.
scripts/seed.ts(573,25): error TS2693: 'IndustryCategory' only refers to a type, but is being used as a value here.
scripts/seed.ts(578,15): error TS2693: 'ProspectStatus' only refers to a type, but is being used as a value here.
scripts/seed.ts(779,25): error TS2693: 'IndustryType' only refers to a type, but is being used as a value here.
scripts/seed.ts(779,49): error TS2693: 'IndustryType' only refers to a type, but is being used as a value here.
scripts/seed.ts(792,25): error TS2693: 'IndustryType' only refers to a type, but is being used as a value here.
scripts/seed.ts(792,50): error TS2693: 'IndustryType' only refers to a type, but is being used as a value here.
scripts/seed.ts(805,25): error TS2693: 'IndustryType' only refers to a type, but is being used as a value here.
scripts/seed.ts(805,51): error TS2693: 'IndustryType' only refers to a type, but is being used as a value here.
scripts/seed.ts(829,22): error TS2693: 'BulkOperationType' only refers to a type, but is being used as a value here.
scripts/seed.ts(830,26): error TS2693: 'IndustryType' only refers to a type, but is being used as a value here.
scripts/seed.ts(830,50): error TS2693: 'IndustryType' only refers to a type, but is being used as a value here.
scripts/seed.ts(830,78): error TS2693: 'IndustryType' only refers to a type, but is being used as a value here.
scripts/seed.ts(832,15): error TS2693: 'BulkOperationStatus' only refers to a type, but is being used as a value here.
scripts/seed.ts(852,22): error TS2693: 'BulkOperationType' only refers to a type, but is being used as a value here.
scripts/seed.ts(853,26): error TS2693: 'IndustryType' only refers to a type, but is being used as a value here.
scripts/seed.ts(853,51): error TS2693: 'IndustryType' only refers to a type, but is being used as a value here.
scripts/seed.ts(853,78): error TS2693: 'IndustryType' only refers to a type, but is being used as a value here.
scripts/seed.ts(855,15): error TS2693: 'BulkOperationStatus' only refers to a type, but is being used as a value here.
exit_code=2
