➤ YN0000: · Yarn 4.9.2
➤ YN0000: ┌ Resolution step
➤ YN0000: └ Completed
➤ YN0000: ┌ Post-resolution validation
➤ YN0060: │ @typescript-eslint/parser is listed by your project with version 7.0.0 (p6cb6c), which doesn't satisfy what @typescript-eslint/eslint-plugin requests (^6.0.0-alpha).
➤ YN0060: │ eslint is listed by your project with version 9.24.0 (pe6e00), which doesn't satisfy what @typescript-eslint/eslint-plugin and other dependencies request (^8.57.0).
➤ YN0002: │ app@workspace:. doesn't provide prettier (pd88b5), requested by eslint-plugin-prettier.
➤ YN0086: │ Some peer dependencies are incorrectly met by your project; run yarn explain peer-requirements <hash> for details, where <hash> is the six-letter p-prefixed code.
➤ YN0086: │ Some peer dependencies are incorrectly met by dependencies; run yarn explain peer-requirements for details.
➤ YN0000: └ Completed
➤ YN0000: ┌ Fetch step
➤ YN0000: └ Completed in 2s 702ms
➤ YN0000: ┌ Link step
➤ YN0000: └ Completed in 0s 598ms
➤ YN0000: · Done with warnings in 3s 648ms
Environment variables loaded from .env
Prisma schema loaded from prisma/schema.prisma

✔ Generated Prisma Client (v6.7.0) to ./node_modules/.prisma/client in 152ms

Start by importing your Prisma Client (See: https://pris.ly/d/importing-client)

Tip: Curious about the SQL queries Prisma ORM generates? Optimize helps you enhance your visibility: https://pris.ly/tip-2-optimize

Starting server...
  ▲ Next.js 14.2.28
  - Local:        http://localhost:3000
  - Environments: .env
  - Experiments (use with caution):
    · outputFileTracingRoot

 ✓ Starting...
 ✓ Ready in 1562ms
 ○ Compiling / ...
 ✓ Compiled / in 1963ms (679 modules)
 GET / 200 in 2216ms
 ✓ Compiled in 491ms (347 modules)
 GET / 200 in 291ms
 GET / 200 in 28ms
 GET / 200 in 27ms
 GET / 200 in 23ms
 GET / 200 in 23ms
 ✓ Compiled /api/auth/[...nextauth] in 361ms (574 modules)
 GET /api/auth/session 200 in 814ms
 GET /api/auth/session 200 in 21ms
 GET / 200 in 67ms
 GET / 200 in 29ms
 GET / 200 in 21ms
 GET /api/auth/session 200 in 22ms
 GET /api/auth/session 200 in 11ms
 GET / 200 in 24ms
 GET / 200 in 23ms
 GET /api/auth/session 200 in 21ms
 GET /api/auth/session 200 in 17ms
 GET / 200 in 30ms
 GET / 200 in 23ms
 GET /api/auth/session 200 in 26ms
 GET /api/auth/session 200 in 19ms
 GET / 200 in 25ms
 GET / 200 in 25ms
 GET /api/auth/session 200 in 23ms
 GET /api/auth/session 200 in 14ms
 GET / 200 in 23ms
 GET / 200 in 23ms
 GET /api/auth/session 200 in 21ms
 GET /api/auth/session 200 in 15ms
 GET / 200 in 24ms
 GET / 200 in 21ms
 GET /api/auth/session 200 in 22ms
 GET /api/auth/session 200 in 14ms
 GET / 200 in 24ms
 ✓ Compiled in 499ms (347 modules)
 ✓ Compiled in 308ms (347 modules)
 ✓ Compiled in 291ms (347 modules)
 ✓ Compiled in 247ms (347 modules)
 ✓ Compiled in 275ms (347 modules)
 ✓ Compiled in 262ms (347 modules)
 ✓ Compiled in 247ms (347 modules)
 ✓ Compiled in 234ms (347 modules)
 ✓ Compiled in 250ms (347 modules)
 ✓ Compiled in 218ms (347 modules)
 ✓ Compiled in 213ms (347 modules)
 ✓ Compiled in 243ms (347 modules)
 ✓ Compiled in 262ms (347 modules)
 ✓ Compiled in 217ms (347 modules)
 ✓ Compiled in 208ms (347 modules)
 ✓ Compiled in 246ms (347 modules)
 ✓ Compiled in 446ms (347 modules)
 ✓ Compiled in 257ms (347 modules)
[?25h
