  ▲ Next.js 14.2.28
  - Local:        http://localhost:3000
  - Environments: .env
  - Experiments (use with caution):
    · outputFileTracingRoot

 ✓ Starting...
 ✓ Ready in 1539ms
 ○ Compiling / ...
 ✓ Compiled / in 1891ms (679 modules)
 GET / 200 in 2284ms
 ✓ Compiled in 427ms (347 modules)
 GET / 200 in 33ms
 ✓ Compiled /api/auth/[...nextauth] in 426ms (574 modules)
 GET /api/auth/session 200 in 904ms
 GET /api/auth/session 200 in 24ms
 GET / 200 in 66ms
 GET / 200 in 24ms
 GET /api/auth/session 200 in 23ms
 GET /api/auth/session 200 in 14ms
 GET / 200 in 26ms
 GET / 200 in 29ms
 GET / 200 in 28ms
 GET / 200 in 28ms
 GET / 200 in 27ms
 GET / 200 in 27ms
 GET / 200 in 31ms
 GET / 200 in 27ms
 GET / 200 in 27ms
 GET / 200 in 26ms
 ○ Compiling /auth/signin ...
 ✓ Compiled /auth/signin in 550ms (692 modules)
 GET / 200 in 69ms
 GET / 200 in 27ms
 GET / 200 in 25ms
 GET / 200 in 24ms
 GET / 200 in 25ms
 GET / 200 in 25ms
 GET / 200 in 25ms
 GET / 200 in 25ms
 GET / 200 in 22ms
 GET / 200 in 26ms
