  ▲ Next.js 14.2.28
  - Local:        http://localhost:3000
  - Environments: .env
  - Experiments (use with caution):
    · outputFileTracingRoot

 ✓ Starting...
 ✓ Ready in 1402ms
 ○ Compiling /api/auth/[...nextauth] ...
 ✓ Compiled /api/auth/[...nextauth] in 912ms (272 modules)
 GET /api/auth/csrf 200 in 1393ms
 POST /api/auth/callback/credentials 302 in 434ms
 ○ Compiling / ...
 ✓ Compiled / in 1670ms (769 modules)
 GET / 200 in 2015ms
 ✓ Compiled in 375ms (270 modules)
 ✓ Compiled /dashboard in 374ms (856 modules)
 ○ Compiling /dashboard/analytics ...
 ✓ Compiled /dashboard/analytics in 1917ms (1126 modules)
 GET /dashboard/prospects 200 in 2169ms
 GET /dashboard/outreach 200 in 2170ms
 GET /dashboard/documents 200 in 2164ms
 GET /dashboard/submissions 200 in 2169ms
 GET /dashboard/qualification 200 in 2157ms
 GET /dashboard/analytics 200 in 2124ms
 GET /dashboard/settings 200 in 2158ms
 GET /dashboard/research 200 in 2177ms
 ○ Compiling /api/submissions ...
 ✓ Compiled /api/submissions in 911ms (720 modules)
 ✓ Compiled (901 modules)
 GET /api/documents 200 in 2340ms
 GET /api/outreach 200 in 2372ms
 GET /api/prospects 200 in 2370ms
 GET /api/submissions 200 in 2382ms
 GET /api/documents 200 in 27ms
 GET /api/analytics?timeRange=last_30_days 200 in 2409ms
 GET /api/outreach 200 in 68ms
 GET /api/prospects 200 in 76ms
 GET /api/submissions 200 in 63ms
 GET /api/analytics?timeRange=last_30_days 200 in 54ms
 GET /api/prospects 200 in 30ms
 GET /api/settings/apify-key 200 in 2537ms
 GET /api/profile 200 in 2557ms
 GET /api/settings/apify-key 200 in 23ms
 GET /api/prospects 200 in 26ms
 GET /api/profile 200 in 21ms
[?25h
