  ▲ Next.js 14.2.28
  - Environments: .env
  - Experiments (use with caution):
    · outputFileTracingRoot

   Creating an optimized production build ...
 ✓ Compiled successfully
   Skipping linting
   Checking validity of types ...
   Collecting page data ...
   Generating static pages (0/18) ...
   Generating static pages (4/18) 
   Generating static pages (8/18) 
   Generating static pages (13/18) 
 ✓ Generating static pages (18/18)
   Finalizing page optimization ...
   Collecting build traces ...

Route (app)                              Size     First Load JS
┌ ○ /                                    519 B          87.8 kB
├ ○ /_not-found                          872 B          88.1 kB
├ ƒ /api/analytics                       0 B                0 B
├ ƒ /api/auth/[...nextauth]              0 B                0 B
├ ƒ /api/auth/signup                     0 B                0 B
├ ƒ /api/documents                       0 B                0 B
├ ƒ /api/outreach                        0 B                0 B
├ ƒ /api/prospects                       0 B                0 B
├ ƒ /api/prospects/search                0 B                0 B
├ ƒ /api/settings                        0 B                0 B
├ ƒ /api/settings/apify-key              0 B                0 B
├ ƒ /api/settings/apify-key/test         0 B                0 B
├ ƒ /api/submissions                     0 B                0 B
├ ƒ /api/team                            0 B                0 B
├ ○ /auth/signin                         1.39 kB         118 kB
├ ○ /auth/signup                         1.81 kB         118 kB
├ ○ /dashboard                           3.45 kB         117 kB
├ ○ /dashboard/analytics                 5.05 kB         137 kB
├ ○ /dashboard/documents                 5.41 kB         137 kB
├ ○ /dashboard/outreach                  3.31 kB         137 kB
├ ○ /dashboard/prospects                 2.91 kB         134 kB
├ ○ /dashboard/qualification             7.39 kB         115 kB
├ ○ /dashboard/research                  5.96 kB         127 kB
├ ○ /dashboard/settings                  5.91 kB         111 kB
├ ○ /dashboard/submissions               3.83 kB         138 kB
└ ○ /dashboard/team                      4.37 kB         135 kB
+ First Load JS shared by all            87.2 kB
  ├ chunks/156-4b52176193e999b1.js       31.7 kB
  ├ chunks/ceb5afef-a88ae4c1d1f36d80.js  53.6 kB
  └ other shared chunks (total)          1.96 kB


○  (Static)   prerendered as static content
ƒ  (Dynamic)  server-rendered on demand

exit_code=0
