app/api/prospects/search/route.ts(3,10): error TS2614: Module '"@/lib/apify-service"' has no exported member 'searchHealthcareBusinesses'. Did you mean to use 'import searchHealthcareBusinesses from "@/lib/apify-service"' instead?
app/api/prospects/search/route.ts(26,7): error TS2322: Type '{ location: string; businessType: string; radius: number; }' is not assignable to type 'SearchCriteria'.
  Object literal may only specify known properties, and 'businessType' does not exist in type 'SearchCriteria'.
app/dashboard/research/page.tsx(59,32): error TS2339: Property 'businessType' does not exist on type 'SearchCriteria'.
app/dashboard/research/page.tsx(87,49): error TS2339: Property 'businessType' does not exist on type 'SearchCriteria'.
app/dashboard/research/page.tsx(87,75): error TS2339: Property 'businessType' does not exist on type 'SearchCriteria'.
app/dashboard/research/page.tsx(234,29): error TS2339: Property 'businessType' does not exist on type 'SearchCriteria'.
app/dashboard/research/page.tsx(235,56): error TS2339: Property 'businessType' does not exist on type 'SearchCriteria'.
app/dashboard/research/page.tsx(248,11): error TS2322: Type 'HealthcareBusiness[]' is not assignable to type 'Business[]'.
  Property 'industryCategory' is missing in type 'HealthcareBusiness' but required in type 'Business'.
app/dashboard/research/page.tsx(250,11): error TS2322: Type '(business: HealthcareBusiness) => Promise<any>' is not assignable to type '(business: Business) => void'.
  Types of parameters 'business' and 'business' are incompatible.
    Type 'Business' is not assignable to type 'HealthcareBusiness'.
      Types of property 'qualificationIndicators' are incompatible.
        Property 'businessTypeQualified' is missing in type '{ revenueQualified: boolean; experienceQualified: boolean; locationQualified: boolean; industryQualified: boolean; }' but required in type '{ revenueQualified: boolean; experienceQualified: boolean; locationQualified: boolean; businessTypeQualified: boolean; }'.
scripts/seed.ts(308,9): error TS2322: Type '{ industryType: string; industryCategory: string; displayName: string; minMonthlyRevenue: number; maxMonthlyRevenue: number; minYearsInBusiness: number; searchTerms: string[]; qualifyingQuestions: { ...; }; ... 4 more ...; conversionRate: number; }' is not assignable to type '(Without<IndustryConfigCreateInput, IndustryConfigUncheckedCreateInput> & IndustryConfigUncheckedCreateInput) | (Without<...> & IndustryConfigCreateInput)'.
  Type '{ industryType: string; industryCategory: string; displayName: string; minMonthlyRevenue: number; maxMonthlyRevenue: number; minYearsInBusiness: number; searchTerms: string[]; qualifyingQuestions: { ...; }; ... 4 more ...; conversionRate: number; }' is not assignable to type 'Without<IndustryConfigUncheckedCreateInput, IndustryConfigCreateInput> & IndustryConfigCreateInput'.
    Type '{ industryType: string; industryCategory: string; displayName: string; minMonthlyRevenue: number; maxMonthlyRevenue: number; minYearsInBusiness: number; searchTerms: string[]; qualifyingQuestions: { ...; }; ... 4 more ...; conversionRate: number; }' is not assignable to type 'IndustryConfigCreateInput'.
      Types of property 'industryType' are incompatible.
        Type 'string' is not assignable to type 'IndustryType'.
scripts/seed.ts(812,7): error TS2322: Type '{ userId: string; searchQuery: string; industryFilters: string[]; locationFilters: string[]; revenueMin: number; revenueMax: number; resultsCount: number; dataSource: string; isCompleted: boolean; searchDuration: number; createdAt: Date; }' is not assignable to type '(Without<SearchSessionCreateInput, SearchSessionUncheckedCreateInput> & SearchSessionUncheckedCreateInput) | (Without<...> & SearchSessionCreateInput)'.
  Type '{ userId: string; searchQuery: string; industryFilters: string[]; locationFilters: string[]; revenueMin: number; revenueMax: number; resultsCount: number; dataSource: string; isCompleted: boolean; searchDuration: number; createdAt: Date; }' is not assignable to type 'Without<SearchSessionCreateInput, SearchSessionUncheckedCreateInput> & SearchSessionUncheckedCreateInput'.
    Type '{ userId: string; searchQuery: string; industryFilters: string[]; locationFilters: string[]; revenueMin: number; revenueMax: number; resultsCount: number; dataSource: string; isCompleted: boolean; searchDuration: number; createdAt: Date; }' is not assignable to type 'SearchSessionUncheckedCreateInput'.
      Types of property 'industryFilters' are incompatible.
        Type 'string[]' is not assignable to type 'SearchSessionCreateindustryFiltersInput | IndustryType[] | undefined'.
          Type 'string[]' is not assignable to type 'IndustryType[]'.
            Type 'string' is not assignable to type 'IndustryType'.
scripts/seed.ts(870,7): error TS2322: Type '{ userId: string; operationType: string; targetIndustries: string[]; targetLocations: string[]; status: string; totalTargets: number; completedTargets: number; failedTargets: number; parameters: { ...; }; results: { ...; }; scheduledAt: Date; startedAt: Date; completedAt: Date; } | { ...; }' is not assignable to type '(Without<BulkOperationCreateInput, BulkOperationUncheckedCreateInput> & BulkOperationUncheckedCreateInput) | (Without<...> & BulkOperationCreateInput)'.
  Type '{ userId: string; operationType: string; targetIndustries: string[]; targetLocations: string[]; status: string; totalTargets: number; completedTargets: number; failedTargets: number; parameters: { ...; }; results: { ...; }; scheduledAt: Date; startedAt: Date; completedAt: Date; }' is not assignable to type '(Without<BulkOperationCreateInput, BulkOperationUncheckedCreateInput> & BulkOperationUncheckedCreateInput) | (Without<...> & BulkOperationCreateInput)'.
    Type '{ userId: string; operationType: string; targetIndustries: string[]; targetLocations: string[]; status: string; totalTargets: number; completedTargets: number; failedTargets: number; parameters: { ...; }; results: { ...; }; scheduledAt: Date; startedAt: Date; completedAt: Date; }' is not assignable to type 'Without<BulkOperationCreateInput, BulkOperationUncheckedCreateInput> & BulkOperationUncheckedCreateInput'.
      Type '{ userId: string; operationType: string; targetIndustries: string[]; targetLocations: string[]; status: string; totalTargets: number; completedTargets: number; failedTargets: number; parameters: { ...; }; results: { ...; }; scheduledAt: Date; startedAt: Date; completedAt: Date; }' is not assignable to type 'BulkOperationUncheckedCreateInput'.
        Types of property 'operationType' are incompatible.
          Type 'string' is not assignable to type 'BulkOperationType'.
exit_code=2
