➤ YN0000: · Yarn 4.9.2
➤ YN0000: ┌ Resolution step
➤ YN0085: │ + apify-client@npm:2.12.6, @apify/consts@npm:2.43.0, @apify/log@npm:2.5.20, @crawlee/types@npm:3.13.10, @sindresorhus/is@npm:4.6.0, and 19 more.
➤ YN0000: └ Completed in 0s 946ms
➤ YN0000: ┌ Post-resolution validation
➤ YN0060: │ @typescript-eslint/parser is listed by your project with version 7.0.0 (p6cb6c), which doesn't satisfy what @typescript-eslint/eslint-plugin requests (^6.0.0-alpha).
➤ YN0060: │ eslint is listed by your project with version 9.24.0 (pe6e00), which doesn't satisfy what @typescript-eslint/eslint-plugin and other dependencies request (^8.57.0).
➤ YN0002: │ app@workspace:. doesn't provide prettier (pd88b5), requested by eslint-plugin-prettier.
➤ YN0086: │ Some peer dependencies are incorrectly met by your project; run yarn explain peer-requirements <hash> for details, where <hash> is the six-letter p-prefixed code.
➤ YN0086: │ Some peer dependencies are incorrectly met by dependencies; run yarn explain peer-requirements for details.
➤ YN0000: └ Completed
➤ YN0000: ┌ Fetch step
➤ YN0000: └ Completed in 3s 52ms
➤ YN0000: ┌ Link step
➤ YN0000: └ Completed in 0s 747ms
➤ YN0000: · Done with warnings in 4s 908ms
Environment variables loaded from .env
Prisma schema loaded from prisma/schema.prisma

✔ Generated Prisma Client (v6.7.0) to ./node_modules/.prisma/client in 140ms

Start by importing your Prisma Client (See: https://pris.ly/d/importing-client)

Tip: Want to turn off tips and other hints? https://pris.ly/tip-4-nohints

Starting server...
  ▲ Next.js 14.2.28
  - Local:        http://localhost:3000
  - Environments: .env
  - Experiments (use with caution):
    · outputFileTracingRoot

 ✓ Starting...
 ✓ Ready in 1619ms
 ○ Compiling / ...
 ✓ Compiled / in 1993ms (527 modules)
 ✓ Compiled in 399ms (270 modules)
 GET / 200 in 87ms
 GET / 200 in 31ms
 ✓ Compiled in 440ms (270 modules)
 ✓ Compiled in 329ms (270 modules)
 ✓ Compiled in 341ms (270 modules)
 ✓ Compiled in 286ms (270 modules)
 ✓ Compiled in 282ms (270 modules)
 ✓ Compiled in 342ms (270 modules)
 ✓ Compiled in 279ms (270 modules)
 ✓ Compiled in 268ms (270 modules)
 ✓ Compiled in 226ms (270 modules)
 ✓ Compiled in 268ms (270 modules)
 ✓ Compiled in 280ms (270 modules)
 ✓ Compiled in 319ms (270 modules)
 ✓ Compiled in 242ms (270 modules)
 ✓ Compiled in 267ms (270 modules)
 ✓ Compiled in 245ms (270 modules)
 ✓ Compiled in 261ms (270 modules)
 ✓ Compiled in 245ms (270 modules)
 ✓ Compiled in 268ms (270 modules)
 ✓ Compiled in 285ms (270 modules)
 ✓ Compiled in 304ms (270 modules)
 ✓ Compiled in 312ms (270 modules)
 ✓ Compiled in 263ms (270 modules)
 ✓ Compiled in 277ms (270 modules)
 ✓ Compiled in 291ms (270 modules)
 ✓ Compiled in 263ms (270 modules)
 ✓ Compiled in 277ms (270 modules)
 ✓ Compiled in 307ms (270 modules)
 ✓ Compiled in 273ms (270 modules)
 ✓ Compiled in 255ms (270 modules)
 ✓ Compiled in 305ms (270 modules)
 ✓ Compiled in 291ms (270 modules)
 ✓ Compiled in 249ms (270 modules)
 ✓ Compiled in 324ms (270 modules)
 ✓ Compiled in 288ms (270 modules)
 ✓ Compiled in 292ms (270 modules)
 ✓ Compiled in 256ms (270 modules)
 ✓ Compiled in 294ms (270 modules)
 ✓ Compiled / in 183ms (257 modules)
 GET / 200 in 294ms
 GET / 200 in 23ms
 GET / 200 in 24ms
 GET / 200 in 22ms
 ○ Compiling /dashboard ...
 ✓ Compiled /dashboard in 589ms (614 modules)
 ○ Compiling /_not-found ...
 GET /dashboard/research 500 in 33ms
 GET / 500 in 19ms
 GET / 500 in 20ms
 GET / 500 in 16ms
 GET / 500 in 17ms
 GET / 500 in 18ms
 GET / 500 in 19ms
 GET / 500 in 16ms
 GET / 500 in 16ms
 GET / 500 in 15ms
 GET / 500 in 18ms
 GET / 500 in 17ms
 GET / 500 in 17ms
 GET / 500 in 15ms
 GET / 500 in 13ms
 GET / 500 in 14ms
 GET / 500 in 12ms
 GET / 500 in 22ms
 GET / 500 in 17ms
 GET / 500 in 21ms
 GET / 500 in 20ms
 GET / 500 in 14ms
 GET / 500 in 16ms
 GET / 500 in 14ms
 GET / 500 in 13ms
 GET / 500 in 17ms
 GET / 500 in 15ms
 GET / 500 in 18ms
 GET / 500 in 15ms
 GET / 500 in 15ms
 GET / 500 in 16ms
 GET / 500 in 15ms
 GET / 500 in 14ms
 GET / 500 in 14ms
 GET / 500 in 14ms
 GET / 500 in 15ms
 GET / 500 in 15ms
 GET / 500 in 16ms
 GET / 500 in 15ms
 GET / 500 in 16ms
 GET / 500 in 15ms
 GET / 500 in 15ms
 GET / 500 in 14ms
 GET / 500 in 14ms
 GET / 500 in 14ms
 GET / 500 in 14ms
 GET / 500 in 14ms
 ✓ Compiled /_error in 689ms (802 modules)
 GET / 200 in 114ms
 ✓ Compiled in 260ms (504 modules)
 ✓ Compiled in 263ms (504 modules)
 ✓ Compiled in 213ms (504 modules)
 ✓ Compiled in 277ms (504 modules)
 ✓ Compiled in 222ms (504 modules)
 ✓ Compiled in 245ms (504 modules)
 ✓ Compiled in 285ms (503 modules)
 ✓ Compiled in 258ms (503 modules)
 ✓ Compiled in 232ms (503 modules)
 ✓ Compiled in 215ms (503 modules)
 ✓ Compiled in 224ms (503 modules)
 ✓ Compiled in 212ms (503 modules)
 ✓ Compiled in 282ms (503 modules)
 ✓ Compiled in 259ms (503 modules)
 ✓ Compiled in 281ms (503 modules)
 ✓ Compiled in 226ms (503 modules)
 ✓ Compiled in 331ms (503 modules)
 GET / 200 in 44ms
 GET / 200 in 28ms
 ✓ Compiled /dashboard in 419ms (349 modules)
 GET / 200 in 65ms
 GET / 200 in 26ms
 GET / 200 in 26ms
 GET / 200 in 26ms
 GET / 200 in 26ms
 GET / 200 in 23ms
 GET / 200 in 26ms
 GET / 200 in 26ms
 GET / 200 in 24ms
 GET / 200 in 24ms
 GET / 200 in 22ms
 GET / 200 in 26ms
 GET / 200 in 22ms
 GET / 200 in 25ms
 GET / 200 in 23ms
 GET / 200 in 23ms
 GET / 200 in 24ms
 GET / 200 in 20ms
 GET / 200 in 23ms
 GET / 200 in 23ms
 GET / 200 in 22ms
 GET / 200 in 22ms
 GET / 200 in 25ms
 GET / 200 in 25ms
 GET / 200 in 21ms
 GET / 200 in 23ms
 GET / 200 in 20ms
 GET / 200 in 23ms
 GET / 200 in 21ms
 GET / 200 in 23ms
 GET / 200 in 21ms
 GET / 200 in 22ms
 GET / 200 in 22ms
 GET / 200 in 22ms
 GET / 200 in 24ms
 GET / 200 in 22ms
 GET / 200 in 21ms
 GET / 200 in 24ms
 GET / 200 in 22ms
 GET / 200 in 21ms
 GET / 200 in 23ms
 GET / 200 in 21ms
 GET / 200 in 22ms
 GET / 200 in 20ms
 GET / 200 in 26ms
