  ▲ Next.js 14.2.28
  - Local:        http://localhost:3000
  - Environments: .env
  - Experiments (use with caution):
    · outputFileTracingRoot

 ✓ Starting...
 ✓ Ready in 1559ms
 ○ Compiling / ...
 ✓ Compiled / in 1790ms (527 modules)
 GET / 200 in 2175ms
 ✓ Compiled in 422ms (270 modules)
 GET / 200 in 40ms
 ○ Compiling /dashboard ...
 ✓ Compiled /dashboard in 541ms (614 modules)
 GET / 200 in 71ms
 GET / 200 in 32ms
 GET / 200 in 27ms
 GET / 200 in 32ms
 GET / 200 in 28ms
 GET / 200 in 28ms
 GET / 200 in 33ms
 GET / 200 in 27ms
 GET / 200 in 30ms
 GET / 200 in 25ms
 GET / 200 in 26ms
 GET / 200 in 29ms
 GET / 200 in 32ms
 GET / 200 in 25ms
 GET / 200 in 27ms
 GET / 200 in 31ms
 GET / 200 in 26ms
 GET / 200 in 28ms
 GET / 200 in 28ms
 GET / 200 in 24ms
 GET / 200 in 27ms
 GET / 200 in 27ms
 GET / 200 in 26ms
 GET / 200 in 27ms
 GET / 200 in 26ms
 GET / 200 in 38ms
