  ▲ Next.js 14.2.28
  - Local:        http://localhost:3000
  - Environments: .env
  - Experiments (use with caution):
    · outputFileTracingRoot

 ✓ Starting...
 ✓ Ready in 1438ms
 ✓ Compiled /api/auth/[...nextauth] in 422ms (272 modules)
 GET /api/auth/csrf 200 in 897ms
 POST /api/auth/callback/credentials 302 in 435ms
 ○ Compiling / ...
 ✓ Compiled / in 1836ms (921 modules)
 GET / 200 in 2261ms
 ✓ Compiled in 431ms (347 modules)
 GET / 200 in 44ms
 GET /api/auth/session 200 in 72ms
 GET /api/auth/session 200 in 22ms
 ○ Compiling /auth/signin ...
 ✓ Compiled /auth/signin in 762ms (934 modules)
 GET /auth/signin 200 in 864ms
[?25h
