  ▲ Next.js 14.2.28
  - Local:        http://localhost:3000
  - Environments: .env
  - Experiments (use with caution):
    · outputFileTracingRoot

 ✓ Starting...
 ✓ Ready in 1414ms
 ✓ Compiled /api/auth/[...nextauth] in 426ms (272 modules)
 GET /api/auth/csrf 200 in 891ms
 POST /api/auth/callback/credentials 302 in 455ms
 ○ Compiling / ...
 ✓ Compiled / in 1731ms (769 modules)
 GET / 200 in 2201ms
 ✓ Compiled in 381ms (270 modules)
 ✓ Compiled /dashboard in 365ms (856 modules)
 ○ Compiling /dashboard/settings ...
 ✓ Compiled /dashboard/settings in 1416ms (1126 modules)
 GET /dashboard/analytics 200 in 1654ms
 GET /dashboard/documents 200 in 1624ms
 GET /dashboard/outreach 200 in 1655ms
 GET /dashboard/prospects 200 in 1638ms
 GET /dashboard/qualification 200 in 1630ms
 GET /dashboard/submissions 200 in 1630ms
 GET /dashboard/settings 200 in 1627ms
 GET /dashboard/research 200 in 1671ms
 ○ Compiling /api/settings/apify-key ...
 ✓ Compiled /api/settings/apify-key in 721ms (720 modules)
 ✓ Compiled (901 modules)
 GET /api/prospects 200 in 1830ms
 GET /api/outreach 200 in 1840ms
 GET /api/documents 200 in 1780ms
 GET /api/submissions 200 in 1985ms
 GET /api/analytics?timeRange=last_30_days 200 in 2087ms
 GET /api/prospects 200 in 36ms
 GET /api/documents 200 in 38ms
 GET /api/outreach 200 in 62ms
 GET /api/analytics?timeRange=last_30_days 200 in 69ms
 GET /api/submissions 200 in 70ms
 GET /api/prospects 200 in 45ms
 GET /api/profile 200 in 1948ms
 GET /api/settings/apify-key 200 in 1960ms
 GET /api/profile 200 in 30ms
 GET /api/prospects 200 in 33ms
 GET /api/settings/apify-key 200 in 32ms
 GET / 200 in 111ms
 GET /dashboard/research 200 in 43ms
[?25h
