➤ YN0000: · Yarn 4.9.2
➤ YN0000: ┌ Resolution step
➤ YN0085: │ + @floating-ui/react@npm:0.26.0, @headlessui/react@npm:1.7.18, @hookform/resolvers@npm:3.9.0, @next-auth/prisma-adapter@npm:1.0.7, and 1165 more.
➤ YN0000: └ Completed in 11s 356ms
➤ YN0000: ┌ Post-resolution validation
➤ YN0060: │ @typescript-eslint/parser is listed by your project with version 7.0.0 (p6cb6c), which doesn't satisfy what @typescript-eslint/eslint-plugin requests (^6.0.0-alpha).
➤ YN0060: │ eslint is listed by your project with version 9.24.0 (pe6e00), which doesn't satisfy what @typescript-eslint/eslint-plugin and other dependencies request (^8.57.0).
➤ YN0002: │ app@workspace:. doesn't provide prettier (pd88b5), requested by eslint-plugin-prettier.
➤ YN0086: │ Some peer dependencies are incorrectly met by your project; run yarn explain peer-requirements <hash> for details, where <hash> is the six-letter p-prefixed code.
➤ YN0086: │ Some peer dependencies are incorrectly met by dependencies; run yarn explain peer-requirements for details.
➤ YN0000: └ Completed
➤ YN0000: ┌ Fetch step
➤ YN0013: │ 14 packages were added to the project (+ 61.21 MiB).
➤ YN0000: └ Completed in 3s 594ms
➤ YN0000: ┌ Link step
➤ YN0007: │ @prisma/engines@npm:6.7.0 must be built because it never has been before or the last one failed
➤ YN0007: │ unrs-resolver@npm:1.11.1 must be built because it never has been before or the last one failed
➤ YN0007: │ esbuild@npm:0.25.8 must be built because it never has been before or the last one failed
➤ YN0007: │ es5-ext@npm:0.10.64 must be built because it never has been before or the last one failed
➤ YN0007: │ prisma@npm:6.7.0 [0460f] must be built because it never has been before or the last one failed
➤ YN0007: │ @prisma/client@npm:6.7.0 [0460f] must be built because it never has been before or the last one failed
➤ YN0000: └ Completed in 3m 58s
➤ YN0000: · Done with warnings in 4m 14s
Environment variables loaded from .env
Prisma schema loaded from prisma/schema.prisma

✔ Generated Prisma Client (v6.7.0) to ./../node_modules/.prisma/client in 470ms

Start by importing your Prisma Client (See: https://pris.ly/d/importing-client)

Tip: Need your database queries to be 1000x faster? Accelerate offers you that and more: https://pris.ly/tip-2-accelerate

Starting server...
  ▲ Next.js 14.2.28
  - Local:        http://localhost:3000
  - Environments: .env
  - Experiments (use with caution):
    · outputFileTracingRoot

 ✓ Starting...
 ✓ Ready in 3.7s
