  ▲ Next.js 14.2.28
  - Local:        http://localhost:3000
  - Environments: .env
  - Experiments (use with caution):
    · outputFileTracingRoot

 ✓ Starting...
 ✓ Ready in 1600ms
 ○ Compiling / ...
 ✓ Compiled / in 1978ms (679 modules)
 GET / 200 in 2371ms
 ✓ Compiled in 430ms (347 modules)
 GET / 200 in 36ms
 ✓ Compiled /api/auth/[...nextauth] in 463ms (574 modules)
 GET /api/auth/session 200 in 944ms
 ○ Compiling /dashboard ...
 ✓ Compiled /dashboard in 730ms (1060 modules)
 GET /api/auth/session 200 in 779ms
 GET / 200 in 79ms
 GET / 200 in 29ms
 GET / 200 in 27ms
 GET /api/auth/session 200 in 31ms
 GET /api/auth/session 200 in 22ms
 GET / 200 in 28ms
 GET / 200 in 27ms
 GET / 200 in 25ms
 GET / 200 in 29ms
 GET / 200 in 25ms
 GET / 200 in 28ms
 GET / 200 in 29ms
 GET / 200 in 27ms
 GET / 200 in 26ms
 GET / 200 in 31ms
 GET / 200 in 28ms
 GET / 200 in 30ms
 GET / 200 in 27ms
 GET / 200 in 30ms
 GET / 200 in 28ms
 GET /api/auth/session 200 in 32ms
 ○ Compiling /dashboard/documents ...
 ✓ Compiled /dashboard/documents in 858ms (1094 modules)
 GET / 200 in 63ms
 ✓ Compiled /api/documents in 178ms (692 modules)
 GET /api/documents 200 in 280ms
 GET /api/documents 200 in 18ms
 ✓ Compiled /dashboard/prospects in 369ms (1134 modules)
 ✓ Compiled /api/prospects in 172ms (702 modules)
 GET /api/prospects 200 in 307ms
 GET /api/prospects 200 in 25ms
 GET / 200 in 66ms
 GET / 200 in 26ms
 GET /api/auth/session 200 in 35ms
 ✓ Compiled /dashboard in 321ms (708 modules)
 GET /api/auth/session 200 in 555ms
 GET / 200 in 42ms
 GET / 200 in 129ms
 GET /api/auth/session 200 in 34ms
 GET /api/auth/session 200 in 19ms
 GET / 200 in 33ms
 GET / 200 in 30ms
 GET / 200 in 27ms
 GET / 200 in 28ms
 GET / 200 in 32ms
 GET /api/auth/session 200 in 31ms
 GET / 200 in 33ms
 GET / 200 in 31ms
 GET / 200 in 32ms
 GET / 200 in 31ms
 GET /api/auth/session 200 in 34ms
 GET /api/auth/session 200 in 35ms
 GET / 200 in 29ms
 GET / 200 in 29ms
 GET / 200 in 27ms
 GET / 200 in 29ms
 GET / 200 in 32ms
 GET / 200 in 28ms
 GET / 200 in 30ms
 GET / 200 in 29ms
 GET /api/auth/session 200 in 30ms
 GET / 200 in 42ms
 GET / 200 in 26ms
 GET / 200 in 27ms
 GET /api/auth/session 200 in 30ms
 ✓ Compiled in 37ms
 ✓ Compiled / in 199ms (332 modules)
 HEAD / 200 in 336ms
   Reload env: .env
 ✓ Compiled in 299ms (766 modules)
 ✓ Compiled in 460ms (446 modules)
 ✓ Compiled in 276ms (446 modules)
 ✓ Compiled in 280ms (446 modules)
 ✓ Compiled in 272ms (446 modules)
 ✓ Compiled in 269ms (446 modules)
 ✓ Compiled in 257ms (446 modules)
 ✓ Compiled in 272ms (446 modules)
 ✓ Compiled in 345ms (446 modules)
 ✓ Compiled in 267ms (446 modules)
[?25h
