  ▲ Next.js 14.2.28
  - Environments: .env
  - Experiments (use with caution):
    · outputFileTracingRoot

   Creating an optimized production build ...
 ✓ Compiled successfully
   Skipping linting
   Checking validity of types ...
   Collecting page data ...
   Generating static pages (0/20) ...
   Generating static pages (5/20) 
   Generating static pages (10/20) 
   Generating static pages (15/20) 
 ✓ Generating static pages (20/20)
   Finalizing page optimization ...
   Collecting build traces ...

Route (app)                              Size     First Load JS
┌ ○ /                                    519 B          87.8 kB
├ ○ /_not-found                          872 B          88.1 kB
├ ƒ /api/analytics                       0 B                0 B
├ ƒ /api/auth/[...nextauth]              0 B                0 B
├ ƒ /api/auth/signup                     0 B                0 B
├ ƒ /api/documents                       0 B                0 B
├ ƒ /api/outreach                        0 B                0 B
├ ○ /api/profile                         0 B                0 B
├ ƒ /api/prospects                       0 B                0 B
├ ƒ /api/prospects/search                0 B                0 B
├ ƒ /api/settings                        0 B                0 B
├ ƒ /api/settings/apify-key              0 B                0 B
├ ƒ /api/settings/apify-key/test         0 B                0 B
├ ƒ /api/submissions                     0 B                0 B
├ ƒ /api/team                            0 B                0 B
├ ○ /auth/signin                         2.77 kB         117 kB
├ ○ /auth/signup                         3.2 kB          118 kB
├ ○ /dashboard                           3.38 kB         107 kB
├ ○ /dashboard/analytics                 5.02 kB         127 kB
├ ○ /dashboard/documents                 5.37 kB         128 kB
├ ○ /dashboard/outreach                  3.29 kB         128 kB
├ ○ /dashboard/prospects                 2.88 kB         124 kB
├ ○ /dashboard/qualification             7.37 kB         106 kB
├ ○ /dashboard/research                  5.99 kB         127 kB
├ ○ /dashboard/settings                  5.93 kB         113 kB
├ ○ /dashboard/submissions               3.8 kB          128 kB
├ ○ /dashboard/team                      4.34 kB         126 kB
└ ○ /profile-setup                       1.27 kB         105 kB
+ First Load JS shared by all            87.2 kB
  ├ chunks/156-19c70f6b87101c8e.js       31.7 kB
  ├ chunks/ceb5afef-a88ae4c1d1f36d80.js  53.6 kB
  └ other shared chunks (total)          1.96 kB


○  (Static)   prerendered as static content
ƒ  (Dynamic)  server-rendered on demand

exit_code=0
